<?xml version="1.0" encoding="UTF-8"?>
<testng-results ignored="0" total="1" passed="1" failed="0" skipped="0">
  <reporter-output>
  </reporter-output>
  <suite started-at="2025-04-10T21:45:14 IST" name="SampleMobileAutomation" finished-at="2025-04-10T21:45:23 IST" duration-ms="8887">
    <groups>
    </groups>
    <test started-at="2025-04-10T21:45:14 IST" name="Test" finished-at="2025-04-10T21:45:23 IST" duration-ms="8887">
      <class name="tests.SampleTest">
        <test-method is-config="true" signature="setUp()[pri:0, instance:tests.SampleTest@5c30a9b0]" started-at="2025-04-10T21:45:14 IST" name="setUp" finished-at="2025-04-10T21:45:22 IST" duration-ms="8316" status="PASS">
          <reporter-output>
          </reporter-output>
        </test-method> <!-- setUp -->
        <test-method signature="sampleTest()[pri:0, instance:tests.SampleTest@5c30a9b0]" started-at="2025-04-10T21:45:22 IST" name="sampleTest" description="Sample description" finished-at="2025-04-10T21:45:22 IST" duration-ms="1" status="PASS">
          <reporter-output>
          </reporter-output>
        </test-method> <!-- sampleTest -->
        <test-method is-config="true" signature="tearDown(org.testng.ITestResult)[pri:0, instance:tests.SampleTest@5c30a9b0]" started-at="2025-04-10T21:45:22 IST" name="tearDown" finished-at="2025-04-10T21:45:23 IST" duration-ms="556" status="PASS">
          <params>
            <param index="0">
              <value>
                <![CDATA[[TestResult name=sampleTest status=SUCCESS method=SampleTest.sampleTest()[pri:0, instance:tests.SampleTest@5c30a9b0] output={null}]]]>
              </value>
            </param>
          </params>
          <reporter-output>
          </reporter-output>
        </test-method> <!-- tearDown -->
      </class> <!-- tests.SampleTest -->
    </test> <!-- Test -->
  </suite> <!-- SampleMobileAutomation -->
</testng-results>
